Using pre-set license
Built from '6000.0/staging' branch; Version is '6000.0.33f1 (433b0a79340b) revision 4406026'; Using compiler version '193933523'; Build Type 'Release'
OS: 'Windows 11  (10.0.26100) 64bit Core' Language: 'en' Physical Memory: 32147 MB
BatchMode: 1, IsHumanControllingUs: 0, StartBugReporterOnCrash: 0, Is64bit: 1, IsPro: 1

COMMAND LINE ARGUMENTS:
C:\Program Files\Unity\Hub\Editor\6000.0.33f1\Editor\Unity.exe
-adb2
-batchMode
-noUpm
-name
AssetImportWorker0
-projectPath
C:/Users/Lirael/OneDrive/Documents/GitHub/Project-1/Project1
-logFile
Logs/AssetImportWorker0.log
-srvPort
50932
-job-worker-count
7
-background-job-worker-count
8
-gc-helper-count
1
Successfully changed project path to: C:/Users/Lirael/OneDrive/Documents/GitHub/Project-1/Project1
C:/Users/Lirael/OneDrive/Documents/GitHub/Project-1/Project1
[UnityMemory] Configuration Parameters - Can be set up in boot.config
    "memorysetup-bucket-allocator-granularity=16"
    "memorysetup-bucket-allocator-bucket-count=8"
    "memorysetup-bucket-allocator-block-size=33554432"
    "memorysetup-bucket-allocator-block-count=8"
    "memorysetup-main-allocator-block-size=16777216"
    "memorysetup-thread-allocator-block-size=16777216"
    "memorysetup-gfx-main-allocator-block-size=16777216"
    "memorysetup-gfx-thread-allocator-block-size=16777216"
    "memorysetup-cache-allocator-block-size=4194304"
    "memorysetup-typetree-allocator-block-size=2097152"
    "memorysetup-profiler-bucket-allocator-granularity=16"
    "memorysetup-profiler-bucket-allocator-bucket-count=8"
    "memorysetup-profiler-bucket-allocator-block-size=33554432"
    "memorysetup-profiler-bucket-allocator-block-count=8"
    "memorysetup-profiler-allocator-block-size=16777216"
    "memorysetup-profiler-editor-allocator-block-size=1048576"
    "memorysetup-temp-allocator-size-main=16777216"
    "memorysetup-job-temp-allocator-block-size=2097152"
    "memorysetup-job-temp-allocator-block-size-background=1048576"
    "memorysetup-job-temp-allocator-reduction-small-platforms=262144"
    "memorysetup-allocator-temp-initial-block-size-main=262144"
    "memorysetup-allocator-temp-initial-block-size-worker=262144"
    "memorysetup-temp-allocator-size-background-worker=32768"
    "memorysetup-temp-allocator-size-job-worker=262144"
    "memorysetup-temp-allocator-size-preload-manager=33554432"
    "memorysetup-temp-allocator-size-nav-mesh-worker=65536"
    "memorysetup-temp-allocator-size-audio-worker=65536"
    "memorysetup-temp-allocator-size-cloud-worker=32768"
    "memorysetup-temp-allocator-size-gi-baking-worker=262144"
    "memorysetup-temp-allocator-size-gi-baking-worker=262144"
    "memorysetup-temp-allocator-size-gi-baking-worker=262144"
    "memorysetup-temp-allocator-size-gi-baking-worker=262144"
    "memorysetup-temp-allocator-size-gi-baking-worker=262144"
    "memorysetup-temp-allocator-size-gfx=262144"
Player connection [8872]  Target information:

Player connection [8872]  * "[IP] 10.41.202.9 [Port] 0 [Flags] 2 [Guid] 1496207044 [EditorId] 1496207044 [Version] 1048832 [Id] WindowsEditor(7,DESKTOP-QNH2V3C) [Debug] 1 [PackageName] WindowsEditor [ProjectName] Editor" 

Player connection [8872] Host joined multi-casting on [225.0.0.222:54997]...
Player connection [8872] Host joined alternative multi-casting on [225.0.0.222:34997]...
JobSystem: Creating JobQueue using job-worker-count value 7
[Physics::Module] Initialized fallback backend.
[Physics::Module] Id: 0xdecafbad
Library Redirect Path: Library/
[Physics::Module] Selected backend.
[Physics::Module] Name: PhysX
[Physics::Module] Id: 0xf2b8ea05
[Physics::Module] SDK Version: 4.1.2
[Physics::Module] Integration Version: 1.0.0
[Physics::Module] Threading Mode: Multi-Threaded
Refreshing native plugins compatible for Editor in 2.23 ms, found 3 plugins.
Preloading 0 native plugins for Editor in 0.00 ms.
Initialize engine version: 6000.0.33f1 (433b0a79340b)
[Subsystems] Discovering subsystems at path C:/Program Files/Unity/Hub/Editor/6000.0.33f1/Editor/Data/Resources/UnitySubsystems
[Subsystems] Discovering subsystems at path C:/Users/Lirael/OneDrive/Documents/GitHub/Project-1/Project1/Assets
GfxDevice: creating device client; kGfxThreadingModeNonThreaded
Direct3D:
    Version:  Direct3D 11.0 [level 11.1]
    Renderer: NVIDIA GeForce GTX 1650 (ID=0x2188)
    Vendor:   NVIDIA
    VRAM:     3937 MB
    Driver:   32.0.15.6094
Initialize mono
Mono path[0] = 'C:/Program Files/Unity/Hub/Editor/6000.0.33f1/Editor/Data/Managed'
Mono path[1] = 'C:/Program Files/Unity/Hub/Editor/6000.0.33f1/Editor/Data/MonoBleedingEdge/lib/mono/unityjit-win32'
Mono config path = 'C:/Program Files/Unity/Hub/Editor/6000.0.33f1/Editor/Data/MonoBleedingEdge/etc'
Using monoOptions --debugger-agent=transport=dt_socket,embedding=1,server=y,suspend=n,address=127.0.0.1:56516
Begin MonoManager ReloadAssembly
Registering precompiled unity dll's ...
Register platform support module: C:/Program Files/Unity/Hub/Editor/6000.0.33f1/Editor/Data/PlaybackEngines/WindowsStandaloneSupport/UnityEditor.WindowsStandalone.Extensions.dll
Registered in 0.003182 seconds.
- Loaded All Assemblies, in  0.372 seconds
Native extension for WindowsStandalone target not found
Mono: successfully reloaded assembly
- Finished resetting the current domain, in  0.321 seconds
Domain Reload Profiling: 690ms
	BeginReloadAssembly (133ms)
		ExecutionOrderSort (0ms)
		DisableScriptedObjects (0ms)
		BackupInstance (0ms)
		ReleaseScriptingObjects (0ms)
		CreateAndSetChildDomain (1ms)
	RebuildCommonClasses (34ms)
	RebuildNativeTypeToScriptingClass (11ms)
	initialDomainReloadingComplete (48ms)
	LoadAllAssembliesAndSetupDomain (143ms)
		LoadAssemblies (129ms)
		RebuildTransferFunctionScriptingTraits (0ms)
		AnalyzeDomain (140ms)
			TypeCache.Refresh (139ms)
				TypeCache.ScanAssembly (126ms)
			BuildScriptInfoCaches (0ms)
			ResolveRequiredComponents (1ms)
	FinalizeReload (321ms)
		ReleaseScriptCaches (0ms)
		RebuildScriptCaches (0ms)
		SetupLoadedEditorAssemblies (275ms)
			LogAssemblyErrors (0ms)
			InitializePlatformSupportModulesInManaged (23ms)
			SetLoadedEditorAssemblies (4ms)
			BeforeProcessingInitializeOnLoad (50ms)
			ProcessInitializeOnLoadAttributes (144ms)
			ProcessInitializeOnLoadMethodAttributes (54ms)
			AfterProcessingInitializeOnLoad (0ms)
			EditorAssembliesLoaded (0ms)
		ExecutionOrderSort2 (0ms)
		AwakeInstancesAfterBackupRestoration (0ms)
========================================================================
Worker process is ready to serve import requests
Import Worker Mode flag is 0x00
Begin MonoManager ReloadAssembly
- Loaded All Assemblies, in  0.832 seconds
Refreshing native plugins compatible for Editor in 1.44 ms, found 3 plugins.
Native extension for WindowsStandalone target not found
Mono: successfully reloaded assembly
- Finished resetting the current domain, in  0.738 seconds
Domain Reload Profiling: 1562ms
	BeginReloadAssembly (181ms)
		ExecutionOrderSort (0ms)
		DisableScriptedObjects (6ms)
		BackupInstance (0ms)
		ReleaseScriptingObjects (0ms)
		CreateAndSetChildDomain (36ms)
	RebuildCommonClasses (34ms)
	RebuildNativeTypeToScriptingClass (11ms)
	initialDomainReloadingComplete (47ms)
	LoadAllAssembliesAndSetupDomain (552ms)
		LoadAssemblies (408ms)
		RebuildTransferFunctionScriptingTraits (0ms)
		AnalyzeDomain (252ms)
			TypeCache.Refresh (179ms)
				TypeCache.ScanAssembly (160ms)
			BuildScriptInfoCaches (60ms)
			ResolveRequiredComponents (10ms)
	FinalizeReload (738ms)
		ReleaseScriptCaches (0ms)
		RebuildScriptCaches (0ms)
		SetupLoadedEditorAssemblies (588ms)
			LogAssemblyErrors (0ms)
			InitializePlatformSupportModulesInManaged (2ms)
			SetLoadedEditorAssemblies (4ms)
			BeforeProcessingInitializeOnLoad (106ms)
			ProcessInitializeOnLoadAttributes (391ms)
			ProcessInitializeOnLoadMethodAttributes (79ms)
			AfterProcessingInitializeOnLoad (6ms)
			EditorAssembliesLoaded (0ms)
		ExecutionOrderSort2 (0ms)
		AwakeInstancesAfterBackupRestoration (6ms)
Launched and connected shader compiler UnityShaderCompiler.exe after 0.01 seconds
Refreshing native plugins compatible for Editor in 2.06 ms, found 3 plugins.
Preloading 0 native plugins for Editor in 0.00 ms.
Unloading 198 Unused Serialized files (Serialized files now loaded: 0)
Unloading 5912 unused Assets / (4.5 MB). Loaded Objects now: 6599.
Memory consumption went from 156.8 MB to 152.3 MB.
Total: 12.908900 ms (FindLiveObjects: 0.746400 ms CreateObjectMapping: 1.116700 ms MarkObjects: 5.873600 ms  DeleteObjects: 5.169900 ms)

========================================================================
Received Prepare
Begin MonoManager ReloadAssembly
- Loaded All Assemblies, in  0.726 seconds
Refreshing native plugins compatible for Editor in 1.36 ms, found 3 plugins.
Native extension for WindowsStandalone target not found
Mono: successfully reloaded assembly
- Finished resetting the current domain, in  0.793 seconds
Domain Reload Profiling: 1516ms
	BeginReloadAssembly (206ms)
		ExecutionOrderSort (0ms)
		DisableScriptedObjects (6ms)
		BackupInstance (0ms)
		ReleaseScriptingObjects (0ms)
		CreateAndSetChildDomain (51ms)
	RebuildCommonClasses (38ms)
	RebuildNativeTypeToScriptingClass (12ms)
	initialDomainReloadingComplete (27ms)
	LoadAllAssembliesAndSetupDomain (440ms)
		LoadAssemblies (364ms)
		RebuildTransferFunctionScriptingTraits (0ms)
		AnalyzeDomain (181ms)
			TypeCache.Refresh (7ms)
				TypeCache.ScanAssembly (0ms)
			BuildScriptInfoCaches (162ms)
			ResolveRequiredComponents (9ms)
	FinalizeReload (793ms)
		ReleaseScriptCaches (0ms)
		RebuildScriptCaches (0ms)
		SetupLoadedEditorAssemblies (597ms)
			LogAssemblyErrors (0ms)
			InitializePlatformSupportModulesInManaged (2ms)
			SetLoadedEditorAssemblies (5ms)
			BeforeProcessingInitializeOnLoad (109ms)
			ProcessInitializeOnLoadAttributes (416ms)
			ProcessInitializeOnLoadMethodAttributes (58ms)
			AfterProcessingInitializeOnLoad (7ms)
			EditorAssembliesLoaded (0ms)
		ExecutionOrderSort2 (0ms)
		AwakeInstancesAfterBackupRestoration (13ms)
Refreshing native plugins compatible for Editor in 2.01 ms, found 3 plugins.
Preloading 0 native plugins for Editor in 0.00 ms.
Unloading 23 Unused Serialized files (Serialized files now loaded: 0)
Unloading 5908 unused Assets / (4.7 MB). Loaded Objects now: 6614.
Memory consumption went from 140.3 MB to 135.6 MB.
Total: 13.605000 ms (FindLiveObjects: 0.879400 ms CreateObjectMapping: 1.098900 ms MarkObjects: 7.588100 ms  DeleteObjects: 4.036400 ms)

Prepare: number of updated asset objects reloaded= 0
========================================================================
Received Import Request.
  Time since last request: 177068.938314 seconds.
  path: Assets/Materials
  artifactKey: Guid(db1a62cca75dc4a40967a1a27f20dd72) Importer(815301076,1909f56bfc062723c751e8b465ee728b)
Start importing Assets/Materials using Guid(db1a62cca75dc4a40967a1a27f20dd72) Importer(815301076,1909f56bfc062723c751e8b465ee728b) (PreviewImporter) -> (artifact id: '7de8a8d29917c5517acc914a0f1de2df') in 0.0085375 seconds
Number of updated asset objects reloaded before import = 0Number of asset objects unloaded after import = 0

========================================================================
Received Import Request.
  Time since last request: 0.217795 seconds.
  path: Assets/Materials/Ground.mat
  artifactKey: Guid(767097f776503c949a26061c9531334b) Importer(815301076,1909f56bfc062723c751e8b465ee728b)
Start importing Assets/Materials/Ground.mat using Guid(767097f776503c949a26061c9531334b) Importer(815301076,1909f56bfc062723c751e8b465ee728b) (PreviewImporter) -> (artifact id: 'bed6f8506654bb76018ef57e23f1348e') in 0.451177 seconds
Number of updated asset objects reloaded before import = 0Number of asset objects unloaded after import = 1

========================================================================
Received Import Request.
  Time since last request: 1.686238 seconds.
  path: Assets/Input systems
  artifactKey: Guid(57056dd0763f73a428121a23359a8fbb) Importer(815301076,1909f56bfc062723c751e8b465ee728b)
Start importing Assets/Input systems using Guid(57056dd0763f73a428121a23359a8fbb) Importer(815301076,1909f56bfc062723c751e8b465ee728b) (PreviewImporter) -> (artifact id: '5903a7162016ad141a522b460afb8b3b') in 0.0006967 seconds
Number of updated asset objects reloaded before import = 0Number of asset objects unloaded after import = 0

========================================================================
Received Import Request.
  Time since last request: 0.077411 seconds.
  path: Assets/Input systems/InputSystem_Actions.inputactions
  artifactKey: Guid(052faaac586de48259a63d0c4782560b) Importer(815301076,1909f56bfc062723c751e8b465ee728b)
Start importing Assets/Input systems/InputSystem_Actions.inputactions using Guid(052faaac586de48259a63d0c4782560b) Importer(815301076,1909f56bfc062723c751e8b465ee728b) (PreviewImporter) -> (artifact id: '5e3f70f0364ded6a0e35bba7f5564b43') in 0.0049336 seconds
Number of updated asset objects reloaded before import = 0Number of asset objects unloaded after import = 19

========================================================================
Received Import Request.
  Time since last request: 382.651225 seconds.
  path: Assets/Assets/image textures
  artifactKey: Guid(fd70c5b6e185eaa4f9fd669c5b84744b) Importer(815301076,1909f56bfc062723c751e8b465ee728b)
Start importing Assets/Assets/image textures using Guid(fd70c5b6e185eaa4f9fd669c5b84744b) Importer(815301076,1909f56bfc062723c751e8b465ee728b) (PreviewImporter) -> (artifact id: 'c37f1f90b3acf920ab1886f7021330a9') in 0.0007442 seconds
Number of updated asset objects reloaded before import = 0Number of asset objects unloaded after import = 0

========================================================================
Received Import Request.
  Time since last request: 0.297926 seconds.
  path: Assets/Assets/buildings
  artifactKey: Guid(c5359a8d33f11774fad1f9edeb281648) Importer(815301076,1909f56bfc062723c751e8b465ee728b)
Start importing Assets/Assets/buildings using Guid(c5359a8d33f11774fad1f9edeb281648) Importer(815301076,1909f56bfc062723c751e8b465ee728b) (PreviewImporter) -> (artifact id: '5bfb20ab9a562f02023f90dc4e960d1c') in 0.0005723 seconds
Number of updated asset objects reloaded before import = 0Number of asset objects unloaded after import = 0

========================================================================
Received Import Request.
  Time since last request: 0.219417 seconds.
  path: Assets/Assets/buildings/basic house.fbx
  artifactKey: Guid(09d394798ae48ae47b4483e057f284c4) Importer(815301076,1909f56bfc062723c751e8b465ee728b)
Start importing Assets/Assets/buildings/basic house.fbx using Guid(09d394798ae48ae47b4483e057f284c4) Importer(815301076,1909f56bfc062723c751e8b465ee728b) (PreviewImporter) -> (artifact id: '2b090cbabade863a105ff1c8897a93bd') in 0.098637 seconds
Number of updated asset objects reloaded before import = 0Number of asset objects unloaded after import = 9

========================================================================
Received Import Request.
  Time since last request: 0.000029 seconds.
  path: Assets/Assets/buildings/hospital.fbx
  artifactKey: Guid(526d4c15e906430419da8371a6f90ae2) Importer(815301076,1909f56bfc062723c751e8b465ee728b)
Start importing Assets/Assets/buildings/hospital.fbx using Guid(526d4c15e906430419da8371a6f90ae2) Importer(815301076,1909f56bfc062723c751e8b465ee728b) (PreviewImporter) -> (artifact id: '95ede4dd0f35ffb569dcc4b41ac0a68f') in 0.0296204 seconds
Number of updated asset objects reloaded before import = 0Number of asset objects unloaded after import = 9

========================================================================
Received Import Request.
  Time since last request: 0.000034 seconds.
  path: Assets/Assets/buildings/school.fbx
  artifactKey: Guid(bcd66e77df548394f91c52f4ff07f8f0) Importer(815301076,1909f56bfc062723c751e8b465ee728b)
Start importing Assets/Assets/buildings/school.fbx using Guid(bcd66e77df548394f91c52f4ff07f8f0) Importer(815301076,1909f56bfc062723c751e8b465ee728b) (PreviewImporter) -> (artifact id: 'fb005f27e76fa66ff7c7e30b21beec80') in 0.0372926 seconds
Number of updated asset objects reloaded before import = 0Number of asset objects unloaded after import = 11

========================================================================
Received Import Request.
  Time since last request: 0.000022 seconds.
  path: Assets/Assets/buildings/tile.fbx
  artifactKey: Guid(f4d7e25dc2ed8c84c86851ec1aa79acd) Importer(815301076,1909f56bfc062723c751e8b465ee728b)
Start importing Assets/Assets/buildings/tile.fbx using Guid(f4d7e25dc2ed8c84c86851ec1aa79acd) Importer(815301076,1909f56bfc062723c751e8b465ee728b) (PreviewImporter) -> (artifact id: '8758517de3af6dc07d7889315b082614') in 0.0258076 seconds
Number of updated asset objects reloaded before import = 0Number of asset objects unloaded after import = 8

========================================================================
Received Import Request.
  Time since last request: 0.000025 seconds.
  path: Assets/Assets/buildings/park tile.fbx
  artifactKey: Guid(2e57d5658d6e9ea4a802d686a4d01e29) Importer(815301076,1909f56bfc062723c751e8b465ee728b)
Start importing Assets/Assets/buildings/park tile.fbx using Guid(2e57d5658d6e9ea4a802d686a4d01e29) Importer(815301076,1909f56bfc062723c751e8b465ee728b) (PreviewImporter) -> (artifact id: '83276b2f5c03ebcd5a806dba1d00b366') in 0.1633297 seconds
Number of updated asset objects reloaded before import = 0Number of asset objects unloaded after import = 32

========================================================================
Received Import Request.
  Time since last request: 0.000037 seconds.
  path: Assets/Assets/buildings/fire station.fbx
  artifactKey: Guid(d812a28279ad01746ac1a5bb59ca46bb) Importer(815301076,1909f56bfc062723c751e8b465ee728b)
Start importing Assets/Assets/buildings/fire station.fbx using Guid(d812a28279ad01746ac1a5bb59ca46bb) Importer(815301076,1909f56bfc062723c751e8b465ee728b) (PreviewImporter) -> (artifact id: '3ef8636877fee2add5dcb1ae398691d9') in 0.0344682 seconds
Number of updated asset objects reloaded before import = 0Number of asset objects unloaded after import = 11

========================================================================
Received Import Request.
  Time since last request: 0.000036 seconds.
  path: Assets/Assets/buildings/office.fbx
  artifactKey: Guid(bf0cdea5600e3fa4f8d7b295bb3f061c) Importer(815301076,1909f56bfc062723c751e8b465ee728b)
Start importing Assets/Assets/buildings/office.fbx using Guid(bf0cdea5600e3fa4f8d7b295bb3f061c) Importer(815301076,1909f56bfc062723c751e8b465ee728b) (PreviewImporter) -> (artifact id: '3363f120728d05d6a7aa10068a5c02e9') in 0.0276999 seconds
Number of updated asset objects reloaded before import = 0Number of asset objects unloaded after import = 9

========================================================================
Received Import Request.
  Time since last request: 0.000032 seconds.
  path: Assets/Assets/buildings/road bend.fbx
  artifactKey: Guid(50f053fa1d31ce94dab9d53d08b4010f) Importer(815301076,1909f56bfc062723c751e8b465ee728b)
Start importing Assets/Assets/buildings/road bend.fbx using Guid(50f053fa1d31ce94dab9d53d08b4010f) Importer(815301076,1909f56bfc062723c751e8b465ee728b) (PreviewImporter) -> (artifact id: '788281805a61e0ea90e9d3f2494c0723') in 0.0323925 seconds
Number of updated asset objects reloaded before import = 0Number of asset objects unloaded after import = 9

========================================================================
Received Import Request.
  Time since last request: 0.000023 seconds.
  path: Assets/Assets/buildings/police station.fbx
  artifactKey: Guid(33d457b28b4be3e4e93cfab8cb3d9fb0) Importer(815301076,1909f56bfc062723c751e8b465ee728b)
Start importing Assets/Assets/buildings/police station.fbx using Guid(33d457b28b4be3e4e93cfab8cb3d9fb0) Importer(815301076,1909f56bfc062723c751e8b465ee728b) (PreviewImporter) -> (artifact id: 'ebe91f36d39df9d6dec5a904786629f9') in 0.0250686 seconds
Number of updated asset objects reloaded before import = 0Number of asset objects unloaded after import = 9

========================================================================
Received Import Request.
  Time since last request: 117.256117 seconds.
  path: Assets/Assets/buildings/tile empty.fbx
  artifactKey: Guid(7151fa66ce0211e469bf1799bda39010) Importer(815301076,1909f56bfc062723c751e8b465ee728b)
Start importing Assets/Assets/buildings/tile empty.fbx using Guid(7151fa66ce0211e469bf1799bda39010) Importer(815301076,1909f56bfc062723c751e8b465ee728b) (PreviewImporter) -> (artifact id: '22fa9f2713c2864e985b1f8fcf2ffb63') in 0.2241815 seconds
Number of updated asset objects reloaded before import = 0Number of asset objects unloaded after import = 22

========================================================================
Received Import Request.
  Time since last request: 24.059627 seconds.
  path: Assets/Assets/buildings/tile empty.fbx
  artifactKey: Guid(7151fa66ce0211e469bf1799bda39010) Importer(815301076,1909f56bfc062723c751e8b465ee728b)
Start importing Assets/Assets/buildings/tile empty.fbx using Guid(7151fa66ce0211e469bf1799bda39010) Importer(815301076,1909f56bfc062723c751e8b465ee728b) (PreviewImporter) -> (artifact id: '899344ddfade296c55be17fce18da8b3') in 0.080218 seconds
Number of updated asset objects reloaded before import = 0Number of asset objects unloaded after import = 22

========================================================================
Received Prepare
Begin MonoManager ReloadAssembly
- Loaded All Assemblies, in  3.678 seconds
Refreshing native plugins compatible for Editor in 1.85 ms, found 3 plugins.
Native extension for WindowsStandalone target not found
Mono: successfully reloaded assembly
- Finished resetting the current domain, in  0.861 seconds
Domain Reload Profiling: 4535ms
	BeginReloadAssembly (445ms)
		ExecutionOrderSort (0ms)
		DisableScriptedObjects (17ms)
		BackupInstance (0ms)
		ReleaseScriptingObjects (0ms)
		CreateAndSetChildDomain (67ms)
	RebuildCommonClasses (123ms)
	RebuildNativeTypeToScriptingClass (10ms)
	initialDomainReloadingComplete (31ms)
	LoadAllAssembliesAndSetupDomain (3065ms)
		LoadAssemblies (3152ms)
		RebuildTransferFunctionScriptingTraits (0ms)
		AnalyzeDomain (230ms)
			TypeCache.Refresh (10ms)
				TypeCache.ScanAssembly (0ms)
			BuildScriptInfoCaches (201ms)
			ResolveRequiredComponents (13ms)
	FinalizeReload (861ms)
		ReleaseScriptCaches (0ms)
		RebuildScriptCaches (0ms)
		SetupLoadedEditorAssemblies (509ms)
			LogAssemblyErrors (0ms)
			InitializePlatformSupportModulesInManaged (3ms)
			SetLoadedEditorAssemblies (7ms)
			BeforeProcessingInitializeOnLoad (100ms)
			ProcessInitializeOnLoadAttributes (336ms)
			ProcessInitializeOnLoadMethodAttributes (55ms)
			AfterProcessingInitializeOnLoad (7ms)
			EditorAssembliesLoaded (0ms)
		ExecutionOrderSort2 (0ms)
		AwakeInstancesAfterBackupRestoration (14ms)
Refreshing native plugins compatible for Editor in 1.83 ms, found 3 plugins.
Preloading 0 native plugins for Editor in 0.00 ms.
Unloading 13 Unused Serialized files (Serialized files now loaded: 0)
Unloading 5909 unused Assets / (4.1 MB). Loaded Objects now: 6685.
Memory consumption went from 152.7 MB to 148.6 MB.
Total: 8.509000 ms (FindLiveObjects: 0.849600 ms CreateObjectMapping: 0.504700 ms MarkObjects: 4.717700 ms  DeleteObjects: 2.435600 ms)

Prepare: number of updated asset objects reloaded= 0
========================================================================
Received Import Request.
  Time since last request: 205.747776 seconds.
  path: Assets/Assets/buildings/fire station.fbx
  artifactKey: Guid(d812a28279ad01746ac1a5bb59ca46bb) Importer(815301076,1909f56bfc062723c751e8b465ee728b)
Start importing Assets/Assets/buildings/fire station.fbx using Guid(d812a28279ad01746ac1a5bb59ca46bb) Importer(815301076,1909f56bfc062723c751e8b465ee728b) (PreviewImporter) -> (artifact id: 'b5d0a2c2a13ac270a7043e23d58c182a') in 0.4524041 seconds
Number of updated asset objects reloaded before import = 0Number of asset objects unloaded after import = 11

========================================================================
Received Import Request.
  Time since last request: 77.968671 seconds.
  path: Assets/Assets/buildings/tile empty.fbx
  artifactKey: Guid(7151fa66ce0211e469bf1799bda39010) Importer(815301076,1909f56bfc062723c751e8b465ee728b)
Start importing Assets/Assets/buildings/tile empty.fbx using Guid(7151fa66ce0211e469bf1799bda39010) Importer(815301076,1909f56bfc062723c751e8b465ee728b) (PreviewImporter) -> (artifact id: '7ba91b5d852ee789136ce1948b8a6f40') in 0.1788102 seconds
Number of updated asset objects reloaded before import = 0Number of asset objects unloaded after import = 22

========================================================================
Received Import Request.
  Time since last request: 12.687194 seconds.
  path: Assets/Assets/buildings/road straight.fbx
  artifactKey: Guid(30b9d3264b8965d43ae18abad926ec18) Importer(815301076,1909f56bfc062723c751e8b465ee728b)
Start importing Assets/Assets/buildings/road straight.fbx using Guid(30b9d3264b8965d43ae18abad926ec18) Importer(815301076,1909f56bfc062723c751e8b465ee728b) (PreviewImporter) -> (artifact id: '6e48fcb02f185b1792e372195fc9eb2a') in 0.0308007 seconds
Number of updated asset objects reloaded before import = 0Number of asset objects unloaded after import = 9

========================================================================
Received Import Request.
  Time since last request: 31.744690 seconds.
  path: Assets/Assets/buildings/road bend.fbx
  artifactKey: Guid(50f053fa1d31ce94dab9d53d08b4010f) Importer(815301076,1909f56bfc062723c751e8b465ee728b)
Start importing Assets/Assets/buildings/road bend.fbx using Guid(50f053fa1d31ce94dab9d53d08b4010f) Importer(815301076,1909f56bfc062723c751e8b465ee728b) (PreviewImporter) -> (artifact id: '0793a8df2031f640cb94a98d046326b2') in 0.1800426 seconds
Number of updated asset objects reloaded before import = 0Number of asset objects unloaded after import = 9

========================================================================
Received Import Request.
  Time since last request: 177.004943 seconds.
  path: Assets/Assets/buildings/road straight.fbx
  artifactKey: Guid(30b9d3264b8965d43ae18abad926ec18) Importer(815301076,1909f56bfc062723c751e8b465ee728b)
Start importing Assets/Assets/buildings/road straight.fbx using Guid(30b9d3264b8965d43ae18abad926ec18) Importer(815301076,1909f56bfc062723c751e8b465ee728b) (PreviewImporter) -> (artifact id: 'e949c755f9a0b11a497260d584abb59b') in 0.1642354 seconds
Number of updated asset objects reloaded before import = 0Number of asset objects unloaded after import = 9

========================================================================
Received Import Request.
  Time since last request: 42.809171 seconds.
  path: Assets/Assets/buildings/hospital.fbx
  artifactKey: Guid(526d4c15e906430419da8371a6f90ae2) Importer(815301076,1909f56bfc062723c751e8b465ee728b)
Start importing Assets/Assets/buildings/hospital.fbx using Guid(526d4c15e906430419da8371a6f90ae2) Importer(815301076,1909f56bfc062723c751e8b465ee728b) (PreviewImporter) -> (artifact id: '7fbbfd257dee8b134d5baab2dc896b71') in 0.0264441 seconds
Number of updated asset objects reloaded before import = 0Number of asset objects unloaded after import = 9

========================================================================
Received Prepare
Begin MonoManager ReloadAssembly
- Loaded All Assemblies, in  0.726 seconds
Refreshing native plugins compatible for Editor in 1.50 ms, found 3 plugins.
Native extension for WindowsStandalone target not found
Mono: successfully reloaded assembly
- Finished resetting the current domain, in  0.806 seconds
Domain Reload Profiling: 1528ms
	BeginReloadAssembly (212ms)
		ExecutionOrderSort (0ms)
		DisableScriptedObjects (18ms)
		BackupInstance (0ms)
		ReleaseScriptingObjects (0ms)
		CreateAndSetChildDomain (61ms)
	RebuildCommonClasses (31ms)
	RebuildNativeTypeToScriptingClass (10ms)
	initialDomainReloadingComplete (32ms)
	LoadAllAssembliesAndSetupDomain (436ms)
		LoadAssemblies (362ms)
		RebuildTransferFunctionScriptingTraits (0ms)
		AnalyzeDomain (166ms)
			TypeCache.Refresh (6ms)
				TypeCache.ScanAssembly (0ms)
			BuildScriptInfoCaches (146ms)
			ResolveRequiredComponents (11ms)
	FinalizeReload (806ms)
		ReleaseScriptCaches (0ms)
		RebuildScriptCaches (0ms)
		SetupLoadedEditorAssemblies (607ms)
			LogAssemblyErrors (0ms)
			InitializePlatformSupportModulesInManaged (2ms)
			SetLoadedEditorAssemblies (6ms)
			BeforeProcessingInitializeOnLoad (102ms)
			ProcessInitializeOnLoadAttributes (431ms)
			ProcessInitializeOnLoadMethodAttributes (59ms)
			AfterProcessingInitializeOnLoad (7ms)
			EditorAssembliesLoaded (0ms)
		ExecutionOrderSort2 (0ms)
		AwakeInstancesAfterBackupRestoration (13ms)
Refreshing native plugins compatible for Editor in 1.90 ms, found 3 plugins.
Preloading 0 native plugins for Editor in 0.00 ms.
Unloading 13 Unused Serialized files (Serialized files now loaded: 0)
Unloading 5909 unused Assets / (4.7 MB). Loaded Objects now: 6707.
Memory consumption went from 156.8 MB to 152.1 MB.
Total: 13.133200 ms (FindLiveObjects: 0.860400 ms CreateObjectMapping: 1.490600 ms MarkObjects: 6.808800 ms  DeleteObjects: 3.971200 ms)

Prepare: number of updated asset objects reloaded= 0
========================================================================
Received Import Request.
  Time since last request: 550.220946 seconds.
  path: Assets/Scenes
  artifactKey: Guid(9c53962885c2c4f449125a979d6ad240) Importer(815301076,1909f56bfc062723c751e8b465ee728b)
Start importing Assets/Scenes using Guid(9c53962885c2c4f449125a979d6ad240) Importer(815301076,1909f56bfc062723c751e8b465ee728b) (PreviewImporter) -> (artifact id: 'ae1af5c61b2fd4bcacfc65f55f013a75') in 0.0062894 seconds
Number of updated asset objects reloaded before import = 0Number of asset objects unloaded after import = 0

========================================================================
Received Import Request.
  Time since last request: 233.509043 seconds.
  path: Assets/Assets/buildings/tile empty.fbx
  artifactKey: Guid(7151fa66ce0211e469bf1799bda39010) Importer(815301076,1909f56bfc062723c751e8b465ee728b)
Start importing Assets/Assets/buildings/tile empty.fbx using Guid(7151fa66ce0211e469bf1799bda39010) Importer(815301076,1909f56bfc062723c751e8b465ee728b) (PreviewImporter) -> (artifact id: '195468d8380ba281cbd546b5366122ea') in 0.4501218 seconds
Number of updated asset objects reloaded before import = 0Number of asset objects unloaded after import = 22

========================================================================
Received Import Request.
  Time since last request: 73.712870 seconds.
  path: Assets/Assets/buildings/tile empty.fbx
  artifactKey: Guid(7151fa66ce0211e469bf1799bda39010) Importer(815301076,1909f56bfc062723c751e8b465ee728b)
Start importing Assets/Assets/buildings/tile empty.fbx using Guid(7151fa66ce0211e469bf1799bda39010) Importer(815301076,1909f56bfc062723c751e8b465ee728b) (PreviewImporter) -> (artifact id: '24f83469bea69af25aa136141f42cd28') in 0.085248 seconds
Number of updated asset objects reloaded before import = 0Number of asset objects unloaded after import = 22

========================================================================
Received Import Request.
  Time since last request: 645.228435 seconds.
  path: Assets/Assets/buildings/road straight.fbx
  artifactKey: Guid(30b9d3264b8965d43ae18abad926ec18) Importer(815301076,1909f56bfc062723c751e8b465ee728b)
Start importing Assets/Assets/buildings/road straight.fbx using Guid(30b9d3264b8965d43ae18abad926ec18) Importer(815301076,1909f56bfc062723c751e8b465ee728b) (PreviewImporter) -> (artifact id: 'd85b220479a7e1961590bec46fc6272c') in 0.2676965 seconds
Number of updated asset objects reloaded before import = 0Number of asset objects unloaded after import = 9

